Initialized with 1 threads.
Correct.
RESULT algo=sample_sort time=0.0274261 size=100000 generator=zero type=float threads=1
RESULT algo=std::sort time=0.0251303 size=100000 generator=zero type=float threads=1
Initialized with 1 threads.
Correct.
RESULT algo=sample_sort time=0.0347592 size=100000 generator=random type=float threads=1
RESULT algo=std::sort time=0.0324021 size=100000 generator=random type=float threads=1
Initialized with 1 threads.
Correct.
RESULT algo=sample_sort time=0.022136 size=100000 generator=zero type=int threads=1
RESULT algo=std::sort time=0.0210527 size=100000 generator=zero type=int threads=1
Initialized with 1 threads.
Correct.
RESULT algo=sample_sort time=0.0298755 size=100000 generator=random type=int threads=1
RESULT algo=std::sort time=0.0285837 size=100000 generator=random type=int threads=1
Initialized with 2 threads.
Correct.
RESULT algo=sample_sort time=0.0329941 size=100000 generator=zero type=float threads=2
Initialized with 2 threads.
Correct.
RESULT algo=sample_sort time=0.0222245 size=100000 generator=random type=float threads=2
Initialized with 2 threads.
Correct.
RESULT algo=sample_sort time=0.026816 size=100000 generator=zero type=int threads=2
Initialized with 2 threads.
Correct.
RESULT algo=sample_sort time=0.0223953 size=100000 generator=random type=int threads=2
Initialized with 4 threads.
Correct.
RESULT algo=sample_sort time=0.0337638 size=100000 generator=zero type=float threads=4
Initialized with 4 threads.
Correct.
RESULT algo=sample_sort time=0.0161378 size=100000 generator=random type=float threads=4
Initialized with 4 threads.
Correct.
RESULT algo=sample_sort time=0.0310891 size=100000 generator=zero type=int threads=4
Initialized with 4 threads.
Correct.
RESULT algo=sample_sort time=0.0174537 size=100000 generator=random type=int threads=4
Initialized with 8 threads.
Correct.
RESULT algo=sample_sort time=0.044848 size=100000 generator=zero type=float threads=8
Initialized with 8 threads.
Correct.
RESULT algo=sample_sort time=0.027517 size=100000 generator=random type=float threads=8
Initialized with 8 threads.
Correct.
RESULT algo=sample_sort time=0.0423386 size=100000 generator=zero type=int threads=8
Initialized with 8 threads.
Correct.
RESULT algo=sample_sort time=0.0269119 size=100000 generator=random type=int threads=8
Initialized with 1 threads.
Correct.
RESULT algo=sample_sort time=0.274263 size=1000000 generator=zero type=float threads=1
RESULT algo=std::sort time=0.275654 size=1000000 generator=zero type=float threads=1
Initialized with 1 threads.
Correct.
RESULT algo=sample_sort time=0.365217 size=1000000 generator=random type=float threads=1
RESULT algo=std::sort time=0.363865 size=1000000 generator=random type=float threads=1
Initialized with 1 threads.
Correct.
RESULT algo=sample_sort time=0.252914 size=1000000 generator=zero type=int threads=1
RESULT algo=std::sort time=0.253388 size=1000000 generator=zero type=int threads=1
Initialized with 1 threads.
Correct.
RESULT algo=sample_sort time=0.343233 size=1000000 generator=random type=int threads=1
RESULT algo=std::sort time=0.33982 size=1000000 generator=random type=int threads=1
Initialized with 2 threads.
Correct.
RESULT algo=sample_sort time=0.310777 size=1000000 generator=zero type=float threads=2
Initialized with 2 threads.
Correct.
RESULT algo=sample_sort time=0.212854 size=1000000 generator=random type=float threads=2
Initialized with 2 threads.
Correct.
RESULT algo=sample_sort time=0.282129 size=1000000 generator=zero type=int threads=2
Initialized with 2 threads.
Correct.
RESULT algo=sample_sort time=0.197217 size=1000000 generator=random type=int threads=2
Initialized with 4 threads.
Correct.
RESULT algo=sample_sort time=0.298554 size=1000000 generator=zero type=float threads=4
Initialized with 4 threads.
Correct.
RESULT algo=sample_sort time=0.116521 size=1000000 generator=random type=float threads=4
Initialized with 4 threads.
Correct.
RESULT algo=sample_sort time=0.283377 size=1000000 generator=zero type=int threads=4
Initialized with 4 threads.
Correct.
RESULT algo=sample_sort time=0.107612 size=1000000 generator=random type=int threads=4
Initialized with 8 threads.
Correct.
RESULT algo=sample_sort time=0.313662 size=1000000 generator=zero type=float threads=8
Initialized with 8 threads.
Correct.
RESULT algo=sample_sort time=0.106954 size=1000000 generator=random type=float threads=8
Initialized with 8 threads.
Correct.
RESULT algo=sample_sort time=0.289116 size=1000000 generator=zero type=int threads=8
Initialized with 8 threads.
Correct.
RESULT algo=sample_sort time=0.104266 size=1000000 generator=random type=int threads=8
Initialized with 1 threads.
Correct.
RESULT algo=sample_sort time=3.42518 size=10000000 generator=zero type=float threads=1
RESULT algo=std::sort time=3.42398 size=10000000 generator=zero type=float threads=1
Initialized with 1 threads.
Correct.
RESULT algo=sample_sort time=4.30476 size=10000000 generator=random type=float threads=1
RESULT algo=std::sort time=4.27983 size=10000000 generator=random type=float threads=1
Initialized with 1 threads.
Correct.
RESULT algo=sample_sort time=3.14543 size=10000000 generator=zero type=int threads=1
RESULT algo=std::sort time=3.1479 size=10000000 generator=zero type=int threads=1
Initialized with 1 threads.
Correct.
RESULT algo=sample_sort time=3.95543 size=10000000 generator=random type=int threads=1
RESULT algo=std::sort time=3.98291 size=10000000 generator=random type=int threads=1
Initialized with 2 threads.
Correct.
RESULT algo=sample_sort time=3.7177 size=10000000 generator=zero type=float threads=2
Initialized with 2 threads.
Correct.
RESULT algo=sample_sort time=2.3605 size=10000000 generator=random type=float threads=2
Initialized with 2 threads.
Correct.
RESULT algo=sample_sort time=3.40147 size=10000000 generator=zero type=int threads=2
Initialized with 2 threads.
Correct.
RESULT algo=sample_sort time=2.21772 size=10000000 generator=random type=int threads=2
Initialized with 4 threads.
Correct.
RESULT algo=sample_sort time=3.56658 size=10000000 generator=zero type=float threads=4
Initialized with 4 threads.
Correct.
RESULT algo=sample_sort time=1.20583 size=10000000 generator=random type=float threads=4
Initialized with 4 threads.
Correct.
RESULT algo=sample_sort time=3.28597 size=10000000 generator=zero type=int threads=4
Initialized with 4 threads.
Correct.
RESULT algo=sample_sort time=1.12969 size=10000000 generator=random type=int threads=4
Initialized with 8 threads.
Correct.
RESULT algo=sample_sort time=3.56006 size=10000000 generator=zero type=float threads=8
Initialized with 8 threads.
Correct.
RESULT algo=sample_sort time=0.92927 size=10000000 generator=random type=float threads=8
Initialized with 8 threads.
Correct.
RESULT algo=sample_sort time=3.27255 size=10000000 generator=zero type=int threads=8
Initialized with 8 threads.
Correct.
RESULT algo=sample_sort time=0.896315 size=10000000 generator=random type=int threads=8
Initialized with 1 threads.
Correct.
RESULT algo=sample_sort time=38.5291 size=100000000 generator=zero type=float threads=1
RESULT algo=std::sort time=38.5581 size=100000000 generator=zero type=float threads=1
Initialized with 1 threads.
Correct.
RESULT algo=sample_sort time=47.1836 size=100000000 generator=random type=float threads=1
RESULT algo=std::sort time=47.1792 size=100000000 generator=random type=float threads=1
Initialized with 1 threads.
Correct.
RESULT algo=sample_sort time=35.3739 size=100000000 generator=zero type=int threads=1
RESULT algo=std::sort time=35.3739 size=100000000 generator=zero type=int threads=1
Initialized with 1 threads.
Correct.
RESULT algo=sample_sort time=44.9184 size=100000000 generator=random type=int threads=1
RESULT algo=std::sort time=44.8078 size=100000000 generator=random type=int threads=1
Initialized with 2 threads.
Correct.
RESULT algo=sample_sort time=40.8477 size=100000000 generator=zero type=float threads=2
Initialized with 2 threads.
Correct.
RESULT algo=sample_sort time=26.0303 size=100000000 generator=random type=float threads=2
Initialized with 2 threads.
Correct.
RESULT algo=sample_sort time=37.7807 size=100000000 generator=zero type=int threads=2
Initialized with 2 threads.
Correct.
RESULT algo=sample_sort time=24.7098 size=100000000 generator=random type=int threads=2
Initialized with 4 threads.
Correct.
RESULT algo=sample_sort time=40.193 size=100000000 generator=zero type=float threads=4
Initialized with 4 threads.
Correct.
RESULT algo=sample_sort time=16.5535 size=100000000 generator=random type=float threads=4
Initialized with 4 threads.
Correct.
RESULT algo=sample_sort time=36.682 size=100000000 generator=zero type=int threads=4
Initialized with 4 threads.
Correct.
RESULT algo=sample_sort time=12.6224 size=100000000 generator=random type=int threads=4
Initialized with 8 threads.
Correct.
RESULT algo=sample_sort time=39.9438 size=100000000 generator=zero type=float threads=8
Initialized with 8 threads.
Correct.
RESULT algo=sample_sort time=9.87978 size=100000000 generator=random type=float threads=8
Initialized with 8 threads.
Correct.
RESULT algo=sample_sort time=36.5109 size=100000000 generator=zero type=int threads=8
Initialized with 8 threads.
Correct.
RESULT algo=sample_sort time=9.75158 size=100000000 generator=random type=int threads=8
